<?xml version="1.0" encoding="UTF-8"?>
<testsuite name="package1.AppTest" tests="1" skipped="0" failures="0" errors="0" timestamp="2021-04-19T07:26:38" hostname="Muhammads-MacBook-Pro.local" time="0.005">
  <properties/>
  <testcase name="appHasAGreeting()" classname="package1.AppTest" time="0.005"/>
  <system-out><![CDATA[]]></system-out>
  <system-err><![CDATA[]]></system-err>
</testsuite>
